Wed Apr 27 12:07:35 PDT 2005  [debug] AvalonLogSystem initialized using logfile 'velocity.log'
Wed Apr 27 12:07:35 PDT 2005   [info] ************************************************************** 
Wed Apr 27 12:07:35 PDT 2005   [info] Starting Jakarta Velocity v1.4
Wed Apr 27 12:07:35 PDT 2005   [info] RuntimeInstance initializing.
Wed Apr 27 12:07:35 PDT 2005   [info] Default Properties File: org\apache\velocity\runtime\defaults\velocity.properties
Wed Apr 27 12:07:35 PDT 2005   [info] Trying to use logger class org.apache.velocity.runtime.log.AvalonLogSystem
Wed Apr 27 12:07:35 PDT 2005   [info] Using logger class org.apache.velocity.runtime.log.AvalonLogSystem
Wed Apr 27 12:07:35 PDT 2005   [info] Default ResourceManager initializing. (class org.apache.velocity.runtime.resource.ResourceManagerImpl)
Wed Apr 27 12:07:35 PDT 2005   [info] Resource Loader Instantiated: org.apache.velocity.runtime.resource.loader.ClasspathResourceLoader
Wed Apr 27 12:07:35 PDT 2005   [info] ClasspathResourceLoader : initialization starting.
Wed Apr 27 12:07:35 PDT 2005   [info] ClasspathResourceLoader : initialization complete.
Wed Apr 27 12:07:35 PDT 2005   [info] ResourceCache : initialized. (class org.apache.velocity.runtime.resource.ResourceCacheImpl)
Wed Apr 27 12:07:35 PDT 2005   [info] Default ResourceManager initialization complete.
Wed Apr 27 12:07:35 PDT 2005   [info] Loaded System Directive: org.apache.velocity.runtime.directive.Literal
Wed Apr 27 12:07:35 PDT 2005   [info] Loaded System Directive: org.apache.velocity.runtime.directive.Macro
Wed Apr 27 12:07:35 PDT 2005   [info] Loaded System Directive: org.apache.velocity.runtime.directive.Parse
Wed Apr 27 12:07:35 PDT 2005   [info] Loaded System Directive: org.apache.velocity.runtime.directive.Include
Wed Apr 27 12:07:35 PDT 2005   [info] Loaded System Directive: org.apache.velocity.runtime.directive.Foreach
Wed Apr 27 12:07:35 PDT 2005   [info] Created: 20 parsers.
Wed Apr 27 12:07:35 PDT 2005   [info] Velocimacro : initialization starting.
Wed Apr 27 12:07:35 PDT 2005   [info] Velocimacro : adding VMs from VM library template : org/apache/beehive/controls/runtime/generator/ControlMacros.vm
Wed Apr 27 12:07:35 PDT 2005   [info] Velocimacro : added new VM : #toObject( type ) : source = org/apache/beehive/controls/runtime/generator/ControlMacros.vm
Wed Apr 27 12:07:35 PDT 2005   [info] Velocimacro : added new VM : #declareMethodStatics( ) : source = org/apache/beehive/controls/runtime/generator/ControlMacros.vm
Wed Apr 27 12:07:35 PDT 2005   [info] Velocimacro : added new VM : #initMethodStatics( ) : source = org/apache/beehive/controls/runtime/generator/ControlMacros.vm
Wed Apr 27 12:07:35 PDT 2005   [info] ResourceManager : found org/apache/beehive/controls/runtime/generator/ControlMacros.vm with loader org.apache.velocity.runtime.resource.loader.ClasspathResourceLoader
Wed Apr 27 12:07:35 PDT 2005   [info] Velocimacro :  VM library template macro registration complete.
Wed Apr 27 12:07:35 PDT 2005   [info] Velocimacro : allowInline = true : VMs can be defined inline in templates
Wed Apr 27 12:07:35 PDT 2005   [info] Velocimacro : allowInlineToOverride = false : VMs defined inline may NOT replace previous VM definitions
Wed Apr 27 12:07:35 PDT 2005   [info] Velocimacro : allowInlineLocal = false : VMs defined inline will be  global in scope if allowed.
Wed Apr 27 12:07:35 PDT 2005   [info] Velocimacro : messages on  : VM system will output logging messages
Wed Apr 27 12:07:35 PDT 2005   [info] Velocimacro : autoload off  : VM system will not automatically reload global library macros
Wed Apr 27 12:07:35 PDT 2005   [info] Velocimacro : initialization complete.
Wed Apr 27 12:07:35 PDT 2005   [info] Velocity successfully started.
Wed Apr 27 12:07:35 PDT 2005   [info] Velocimacro : added new VM : #declareReflectFields( ) : source = org/apache/beehive/controls/runtime/generator/ClientInitializer.vm
Wed Apr 27 12:07:35 PDT 2005   [info] Velocimacro : added new VM : #initReflectFields( ) : source = org/apache/beehive/controls/runtime/generator/ClientInitializer.vm
Wed Apr 27 12:07:35 PDT 2005   [info] Velocimacro : added new VM : #declareEventAdaptor( adaptor ) : source = org/apache/beehive/controls/runtime/generator/ClientInitializer.vm
Wed Apr 27 12:07:35 PDT 2005   [info] Velocimacro : added new VM : #declareEventAdaptors( ) : source = org/apache/beehive/controls/runtime/generator/ClientInitializer.vm
Wed Apr 27 12:07:35 PDT 2005   [info] Velocimacro : added new VM : #initEventAdaptors( control ) : source = org/apache/beehive/controls/runtime/generator/ClientInitializer.vm
Wed Apr 27 12:07:35 PDT 2005   [info] Velocimacro : added new VM : #initControl( control ) : source = org/apache/beehive/controls/runtime/generator/ClientInitializer.vm
Wed Apr 27 12:07:35 PDT 2005   [info] Velocimacro : added new VM : #declareFieldInit( ) : source = org/apache/beehive/controls/runtime/generator/ClientInitializer.vm
Wed Apr 27 12:07:35 PDT 2005   [info] ResourceManager : found org/apache/beehive/controls/runtime/generator/ClientInitializer.vm with loader org.apache.velocity.runtime.resource.loader.ClasspathResourceLoader
